<?xml version="1.0" encoding="UTF-8"?>
<testsuite name="com.gojek.resource.DriverResourceTest" tests="8" skipped="0" failures="0" errors="0" timestamp="2017-01-26T09:00:22" hostname="Pratik-PC" time="2.175">
  <properties/>
  <testcase name="saveDriversLocationInvalidLongitudeTest" classname="com.gojek.resource.DriverResourceTest" time="0.015"/>
  <testcase name="saveDriversLocationInvalidLatitudeTest" classname="com.gojek.resource.DriverResourceTest" time="0.0"/>
  <testcase name="getDriversLocationInvalidLatitudeTest" classname="com.gojek.resource.DriverResourceTest" time="0.0"/>
  <testcase name="saveDriversLocationInvalidIdTest" classname="com.gojek.resource.DriverResourceTest" time="2.151"/>
  <testcase name="saveDriversLocationTest" classname="com.gojek.resource.DriverResourceTest" time="0.001"/>
  <testcase name="getDriversLocationInvalidLongitudeTest" classname="com.gojek.resource.DriverResourceTest" time="0.001"/>
  <testcase name="getDriversLocationNoDriverFoundTest" classname="com.gojek.resource.DriverResourceTest" time="0.001"/>
  <testcase name="getDriversLocationTest" classname="com.gojek.resource.DriverResourceTest" time="0.002"/>
  <system-out><![CDATA[14:30:22.696 [Test worker] INFO com.gojek.resource.DriverResource - saving driver location with latitude:90&& longitude:190
14:30:22.707 [Test worker] INFO com.gojek.validation.DriverValidator - Validating Driver:-Driver{id=3, latitude=90, longitude=190, distance=0.0}
14:30:22.708 [Test worker] INFO com.gojek.resource.DriverResource - Validation Message:-Longitude should be between +/- 180
14:30:22.709 [Test worker] INFO com.gojek.resource.DriverResource - saving driver location with latitude:91&& longitude:10
14:30:22.709 [Test worker] INFO com.gojek.validation.DriverValidator - Validating Driver:-Driver{id=2, latitude=91, longitude=10, distance=0.0}
14:30:22.709 [Test worker] INFO com.gojek.resource.DriverResource - Validation Message:-Latitude should be between +/- 90
14:30:22.710 [Test worker] INFO com.gojek.resource.DriverResource - finding driver for latitude:91&& longitude:11
14:30:22.711 [Test worker] INFO com.gojek.resource.DriverResource - saving driver location with latitude:20&& longitude:10
14:30:24.863 [Test worker] INFO com.gojek.resource.DriverResource - saving driver location with latitude:20&& longitude:10
14:30:24.863 [Test worker] INFO com.gojek.validation.DriverValidator - Validating Driver:-Driver{id=1, latitude=20, longitude=10, distance=0.0}
14:30:24.864 [Test worker] INFO com.gojek.resource.DriverResource - finding driver for latitude:90&& longitude:181
14:30:24.865 [Test worker] INFO com.gojek.resource.DriverResource - saving driver location with latitude:20&& longitude:10
14:30:24.865 [Test worker] INFO com.gojek.validation.DriverValidator - Validating Driver:-Driver{id=1, latitude=20, longitude=10, distance=0.0}
14:30:24.866 [Test worker] INFO com.gojek.resource.DriverResource - finding driver for latitude:20&& longitude:11
14:30:24.866 [Test worker] INFO com.gojek.resource.DriverResource - saving driver location with latitude:20&& longitude:10
14:30:24.866 [Test worker] INFO com.gojek.validation.DriverValidator - Validating Driver:-Driver{id=1, latitude=20, longitude=10, distance=0.0}
14:30:24.867 [Test worker] INFO com.gojek.resource.DriverResource - finding driver for latitude:20&& longitude:10
]]></system-out>
  <system-err><![CDATA[]]></system-err>
</testsuite>
