<?xml version="1.0" encoding="UTF-8"?>
<testsuite name="com.gojek.resource.DriverResourceTest" tests="8" skipped="0" failures="0" errors="0" timestamp="2017-01-26T08:49:47" hostname="Pratik-PC" time="0.372">
  <properties/>
  <testcase name="saveDriversLocationInvalidLongitudeTest" classname="com.gojek.resource.DriverResourceTest" time="0.008"/>
  <testcase name="saveDriversLocationInvalidLatitudeTest" classname="com.gojek.resource.DriverResourceTest" time="0.0"/>
  <testcase name="getDriversLocationInvalidLatitudeTest" classname="com.gojek.resource.DriverResourceTest" time="0.0"/>
  <testcase name="saveDriversLocationInvalidIdTest" classname="com.gojek.resource.DriverResourceTest" time="0.353"/>
  <testcase name="saveDriversLocationTest" classname="com.gojek.resource.DriverResourceTest" time="0.001"/>
  <testcase name="getDriversLocationInvalidLongitudeTest" classname="com.gojek.resource.DriverResourceTest" time="0.001"/>
  <testcase name="getDriversLocationNoDriverFoundTest" classname="com.gojek.resource.DriverResourceTest" time="0.002"/>
  <testcase name="getDriversLocationTest" classname="com.gojek.resource.DriverResourceTest" time="0.001"/>
  <system-out><![CDATA[14:19:47.406 [Test worker] INFO com.gojek.resource.DriverResource - saving driver location with latitude:90&& longitude:190
14:19:47.410 [Test worker] INFO com.gojek.validation.DriverValidator - Validating Driver:-Driver{id=3, latitude=90, longitude=190, distance=0.0}
14:19:47.411 [Test worker] INFO com.gojek.resource.DriverResource - Validation Message:-Longitude should be between +/- 180
14:19:47.412 [Test worker] INFO com.gojek.resource.DriverResource - saving driver location with latitude:91&& longitude:10
14:19:47.412 [Test worker] INFO com.gojek.validation.DriverValidator - Validating Driver:-Driver{id=2, latitude=91, longitude=10, distance=0.0}
14:19:47.412 [Test worker] INFO com.gojek.resource.DriverResource - Validation Message:-Latitude should be between +/- 90
14:19:47.413 [Test worker] INFO com.gojek.resource.DriverResource - finding driver for latitude:91&& longitude:11
14:19:47.414 [Test worker] INFO com.gojek.resource.DriverResource - saving driver location with latitude:20&& longitude:10
14:19:47.768 [Test worker] INFO com.gojek.resource.DriverResource - saving driver location with latitude:20&& longitude:10
14:19:47.768 [Test worker] INFO com.gojek.validation.DriverValidator - Validating Driver:-Driver{id=1, latitude=20, longitude=10, distance=0.0}
14:19:47.769 [Test worker] INFO com.gojek.resource.DriverResource - finding driver for latitude:90&& longitude:181
14:19:47.771 [Test worker] INFO com.gojek.resource.DriverResource - saving driver location with latitude:20&& longitude:10
14:19:47.771 [Test worker] INFO com.gojek.validation.DriverValidator - Validating Driver:-Driver{id=1, latitude=20, longitude=10, distance=0.0}
14:19:47.773 [Test worker] INFO com.gojek.resource.DriverResource - finding driver for latitude:20&& longitude:11
14:19:47.774 [Test worker] INFO com.gojek.resource.DriverResource - saving driver location with latitude:20&& longitude:10
14:19:47.774 [Test worker] INFO com.gojek.validation.DriverValidator - Validating Driver:-Driver{id=1, latitude=20, longitude=10, distance=0.0}
14:19:47.774 [Test worker] INFO com.gojek.resource.DriverResource - finding driver for latitude:20&& longitude:10
]]></system-out>
  <system-err><![CDATA[]]></system-err>
</testsuite>
