<?xml version="1.0" encoding="UTF-8"?>
<testsuite name="com.gojek.model.DriverServiceImplTest" tests="2" skipped="0" failures="0" errors="0" timestamp="2017-01-26T09:35:49" hostname="Pratik-PC" time="0.019">
  <properties/>
  <testcase name="saveDriversLocationTest" classname="com.gojek.model.DriverServiceImplTest" time="0.003"/>
  <testcase name="getDriversLocationTest" classname="com.gojek.model.DriverServiceImplTest" time="0.015"/>
  <system-out><![CDATA[]]></system-out>
  <system-err><![CDATA[]]></system-err>
</testsuite>
