<?xml version="1.0" encoding="UTF-8"?>
<testsuite name="com.gojek.resource.DriverResourceTest" tests="8" skipped="0" failures="0" errors="0" timestamp="2017-01-26T09:35:49" hostname="Pratik-PC" time="0.489">
  <properties/>
  <testcase name="saveDriversLocationInvalidLongitudeTest" classname="com.gojek.resource.DriverResourceTest" time="0.034"/>
  <testcase name="saveDriversLocationInvalidLatitudeTest" classname="com.gojek.resource.DriverResourceTest" time="0.002"/>
  <testcase name="getDriversLocationInvalidLatitudeTest" classname="com.gojek.resource.DriverResourceTest" time="0.002"/>
  <testcase name="saveDriversLocationInvalidIdTest" classname="com.gojek.resource.DriverResourceTest" time="0.435"/>
  <testcase name="saveDriversLocationTest" classname="com.gojek.resource.DriverResourceTest" time="0.001"/>
  <testcase name="getDriversLocationInvalidLongitudeTest" classname="com.gojek.resource.DriverResourceTest" time="0.001"/>
  <testcase name="getDriversLocationNoDriverFoundTest" classname="com.gojek.resource.DriverResourceTest" time="0.003"/>
  <testcase name="getDriversLocationTest" classname="com.gojek.resource.DriverResourceTest" time="0.002"/>
  <system-out><![CDATA[15:05:49.943 [Test worker] INFO com.gojek.resource.DriverResource - saving driver location with latitude:90&& longitude:190
15:05:49.966 [Test worker] INFO com.gojek.validation.DriverValidator - Validating Driver:-Driver{id=3, latitude=90, longitude=190, distance=0.0}
15:05:49.968 [Test worker] INFO com.gojek.resource.DriverResource - Validation Message:-Longitude should be between +/- 180
15:05:49.971 [Test worker] INFO com.gojek.resource.DriverResource - saving driver location with latitude:91&& longitude:10
15:05:49.971 [Test worker] INFO com.gojek.validation.DriverValidator - Validating Driver:-Driver{id=2, latitude=91, longitude=10, distance=0.0}
15:05:49.972 [Test worker] INFO com.gojek.resource.DriverResource - Validation Message:-Latitude should be between +/- 90
15:05:49.976 [Test worker] INFO com.gojek.resource.DriverResource - finding driver for latitude:91&& longitude:11
15:05:49.980 [Test worker] INFO com.gojek.resource.DriverResource - saving driver location with latitude:20&& longitude:10
15:05:50.416 [Test worker] INFO com.gojek.resource.DriverResource - saving driver location with latitude:20&& longitude:10
15:05:50.416 [Test worker] INFO com.gojek.validation.DriverValidator - Validating Driver:-Driver{id=1, latitude=20, longitude=10, distance=0.0}
15:05:50.418 [Test worker] INFO com.gojek.resource.DriverResource - finding driver for latitude:90&& longitude:181
15:05:50.419 [Test worker] INFO com.gojek.resource.DriverResource - saving driver location with latitude:20&& longitude:10
15:05:50.420 [Test worker] INFO com.gojek.validation.DriverValidator - Validating Driver:-Driver{id=1, latitude=20, longitude=10, distance=0.0}
15:05:50.421 [Test worker] INFO com.gojek.resource.DriverResource - finding driver for latitude:20&& longitude:11
15:05:50.422 [Test worker] INFO com.gojek.resource.DriverResource - saving driver location with latitude:20&& longitude:10
15:05:50.422 [Test worker] INFO com.gojek.validation.DriverValidator - Validating Driver:-Driver{id=1, latitude=20, longitude=10, distance=0.0}
15:05:50.423 [Test worker] INFO com.gojek.resource.DriverResource - finding driver for latitude:20&& longitude:10
]]></system-out>
  <system-err><![CDATA[]]></system-err>
</testsuite>
